<?xml version="1.0" encoding="UTF-8"?>
<!-- Generated by org.testng.reporters.JUnitReportReporter -->
<testsuite hostname="JNFTDL3" failures="0" tests="1" name="gmail_task.base_class" time="4.477" errors="0" timestamp="2022-08-02T09:56:52 IST" skipped="0">
  <testcase classname="gmail_task.base_class" name="test" time="4.477"/>
  <system-out/>
</testsuite> <!-- gmail_task.base_class -->
